<?xml version="1.0" encoding="UTF-8"?>
<!-- Generated by org.testng.reporters.JUnitXMLReporter -->
<testsuite ignored="0" hostname="LAPTOP-V67LSJQM" failures="0" tests="2" name="Basic Functionality-Firefox" time="124.546" errors="0" timestamp="2024-03-24T11:17:59 IST">
  <testcase classname="com.iNetBankingV1.testCases.BaseClass" name="openUrl" time="36.94"/>
  <testcase classname="com.iNetBankingV1.testCases.LoginTest" name="TC_LoginTest_001" time="22.58"/>
</testsuite> <!-- Basic Functionality-Firefox -->
