<?xml version="1.0" encoding="UTF-8"?>
<!-- Generated by org.testng.reporters.JUnitXMLReporter -->
<testsuite ignored="0" hostname="LAPTOP-V67LSJQM" failures="3" tests="6" name="Basic Functionality" time="90.151" errors="0" timestamp="2024-03-26T23:51:20 IST">
  <testcase classname="com.iNetBankingV1.testCases.BaseClass" name="openUrl" time="12.039"/>
  <testcase classname="com.iNetBankingV1.testCases.DataDrivenLoginTest" name="TC_DDTLogin" time="12.372"/>
  <testcase classname="com.iNetBankingV1.testCases.DataDrivenLoginTest" name="TC_DDTLogin" time="4.414">
    <failure type="java.lang.AssertionError" message="Login failed-Invalid credentials expected [true] but found [false]">
      <![CDATA[java.lang.AssertionError: Login failed-Invalid credentials expected [true] but found [false]
at com.iNetBankingV1.testCases.DataDrivenLoginTest.TC_DDTLogin(DataDrivenLoginTest.java:32)
at java.base/java.util.ArrayList.forEach(ArrayList.java:1596)
... Removed 28 stack frames]]>
    </failure>
  </testcase> <!-- TC_DDTLogin -->
  <testcase classname="com.iNetBankingV1.testCases.DataDrivenLoginTest" name="TC_DDTLogin" time="5.469"/>
  <testcase classname="com.iNetBankingV1.testCases.DataDrivenLoginTest" name="TC_DDTLogin" time="3.701">
    <failure type="java.lang.AssertionError" message="Login failed-Invalid credentials expected [true] but found [false]">
      <![CDATA[java.lang.AssertionError: Login failed-Invalid credentials expected [true] but found [false]
at com.iNetBankingV1.testCases.DataDrivenLoginTest.TC_DDTLogin(DataDrivenLoginTest.java:32)
at java.base/java.util.ArrayList.forEach(ArrayList.java:1596)
... Removed 28 stack frames]]>
    </failure>
  </testcase> <!-- TC_DDTLogin -->
  <testcase classname="com.iNetBankingV1.testCases.DataDrivenLoginTest" name="TC_DDTLogin" time="3.924">
    <failure type="java.lang.AssertionError" message="Login failed-Invalid credentials expected [true] but found [false]">
      <![CDATA[java.lang.AssertionError: Login failed-Invalid credentials expected [true] but found [false]
at com.iNetBankingV1.testCases.DataDrivenLoginTest.TC_DDTLogin(DataDrivenLoginTest.java:32)
at java.base/java.util.ArrayList.forEach(ArrayList.java:1596)
... Removed 28 stack frames]]>
    </failure>
  </testcase> <!-- TC_DDTLogin -->
</testsuite> <!-- Basic Functionality -->
