<?xml version="1.0" encoding="UTF-8"?>
<!-- Generated by org.testng.reporters.JUnitXMLReporter -->
<testsuite ignored="0" hostname="LAPTOP-V67LSJQM" failures="3" tests="6" name="Basic Functionality" time="81.522" errors="0" timestamp="2024-03-31T21:27:24 IST">
  <testcase classname="com.iNetBankingV1.testCases.BaseClass" name="openUrl" time="29.239"/>
  <testcase classname="com.iNetBankingV1.testCases.DataDrivenLoginTest" name="TC_DDTLogin" time="16.838"/>
  <testcase classname="com.iNetBankingV1.testCases.DataDrivenLoginTest" name="TC_DDTLogin" time="7.004">
    <failure type="java.lang.AssertionError" message="Login failed-Invalid credentials expected [true] but found [false]">
      <![CDATA[java.lang.AssertionError: Login failed-Invalid credentials expected [true] but found [false]
at com.iNetBankingV1.testCases.DataDrivenLoginTest.TC_DDTLogin(DataDrivenLoginTest.java:32)
at java.base/java.util.ArrayList.forEach(ArrayList.java:1596)
... Removed 32 stack frames]]>
    </failure>
  </testcase> <!-- TC_DDTLogin -->
  <testcase classname="com.iNetBankingV1.testCases.DataDrivenLoginTest" name="TC_DDTLogin" time="9.68"/>
  <testcase classname="com.iNetBankingV1.testCases.DataDrivenLoginTest" name="TC_DDTLogin" time="3.136">
    <failure type="java.lang.AssertionError" message="Login failed-Invalid credentials expected [true] but found [false]">
      <![CDATA[java.lang.AssertionError: Login failed-Invalid credentials expected [true] but found [false]
at com.iNetBankingV1.testCases.DataDrivenLoginTest.TC_DDTLogin(DataDrivenLoginTest.java:32)
at java.base/java.util.ArrayList.forEach(ArrayList.java:1596)
... Removed 32 stack frames]]>
    </failure>
  </testcase> <!-- TC_DDTLogin -->
  <testcase classname="com.iNetBankingV1.testCases.DataDrivenLoginTest" name="TC_DDTLogin" time="5.896">
    <failure type="java.lang.AssertionError" message="Login failed-Invalid credentials expected [true] but found [false]">
      <![CDATA[java.lang.AssertionError: Login failed-Invalid credentials expected [true] but found [false]
at com.iNetBankingV1.testCases.DataDrivenLoginTest.TC_DDTLogin(DataDrivenLoginTest.java:32)
at java.base/java.util.ArrayList.forEach(ArrayList.java:1596)
... Removed 32 stack frames]]>
    </failure>
  </testcase> <!-- TC_DDTLogin -->
</testsuite> <!-- Basic Functionality -->
